<?xml version="1.0" encoding="UTF-8"?>
<!-- Generated by org.testng.reporters.JUnitReportReporter -->
<testsuite hostname="HP-F1P7US0" failures="0" tests="3" name="com.sortly.qa.testcases.LoginPageTest" time="61.736" errors="0" timestamp="2024-03-30T07:41:54 IST" skipped="0">
  <testcase classname="com.sortly.qa.testcases.LoginPageTest" name="loginPageTitleTest" time="20.109"/>
  <testcase classname="com.sortly.qa.testcases.LoginPageTest" name="loginTestOwner" time="22.280"/>
  <testcase classname="com.sortly.qa.testcases.LoginPageTest" name="loginTestTeamMember" time="19.347"/>
</testsuite> <!-- com.sortly.qa.testcases.LoginPageTest -->
