<?xml version="1.0" encoding="UTF-8"?>
<!-- Generated by org.testng.reporters.JUnitReportReporter -->
<testsuite hostname="HP-F1P7US0" failures="0" tests="8" name="com.sortly.qa.testcases.AddressPageTest" time="293.917" errors="0" timestamp="2024-03-30T08:05:58 IST" skipped="0">
  <testcase classname="com.sortly.qa.testcases.AddressPageTest" name="validateCreateNewAddress" time="38.251"/>
  <testcase classname="com.sortly.qa.testcases.AddressPageTest" name="validateCreateNewAddress" time="36.745"/>
  <testcase classname="com.sortly.qa.testcases.AddressPageTest" name="validateCreateNewAddress" time="38.298"/>
  <testcase classname="com.sortly.qa.testcases.AddressPageTest" name="validateCreateNewAddress" time="35.133"/>
  <testcase classname="com.sortly.qa.testcases.AddressPageTest" name="validateCreateNewAddress" time="36.179"/>
  <testcase classname="com.sortly.qa.testcases.AddressPageTest" name="validateCreateNewAddress" time="38.726"/>
  <testcase classname="com.sortly.qa.testcases.AddressPageTest" name="validateDeleteAddress" time="29.344"/>
  <testcase classname="com.sortly.qa.testcases.AddressPageTest" name="validateUpdateName" time="41.241"/>
</testsuite> <!-- com.sortly.qa.testcases.AddressPageTest -->
